e:\github clone repository\snake\snake\snake\snake\x64\debug\vc143.pdb
e:\github clone repository\snake\snake\snake\snake\x64\debug\vc143.idb
e:\github clone repository\snake\snake\snake\snake\x64\debug\snakesection.obj
e:\github clone repository\snake\snake\snake\snake\x64\debug\snakehead.obj
e:\github clone repository\snake\snake\snake\snake\x64\debug\snake.obj
e:\github clone repository\snake\snake\snake\snake\x64\debug\main.obj
e:\github clone repository\snake\snake\snake\snake\x64\debug\grid.obj
e:\github clone repository\snake\snake\snake\snake\x64\debug\game.obj
e:\github clone repository\snake\snake\snake\snake\x64\debug\apple.obj
e:\github clone repository\snake\snake\snake\x64\debug\snake.exe
e:\github clone repository\snake\snake\snake\x64\debug\snake.pdb
e:\github clone repository\snake\snake\snake\snake\x64\debug\snake.ilk
e:\github clone repository\snake\snake\snake\snake\x64\debug\snake.tlog\cl.command.1.tlog
e:\github clone repository\snake\snake\snake\snake\x64\debug\snake.tlog\cl.items.tlog
e:\github clone repository\snake\snake\snake\snake\x64\debug\snake.tlog\cl.read.1.tlog
e:\github clone repository\snake\snake\snake\snake\x64\debug\snake.tlog\cl.write.1.tlog
e:\github clone repository\snake\snake\snake\snake\x64\debug\snake.tlog\link.command.1.tlog
e:\github clone repository\snake\snake\snake\snake\x64\debug\snake.tlog\link.read.1.tlog
e:\github clone repository\snake\snake\snake\snake\x64\debug\snake.tlog\link.secondary.1.tlog
e:\github clone repository\snake\snake\snake\snake\x64\debug\snake.tlog\link.write.1.tlog
